<?xml version="1.0" encoding="UTF-8"?>
<testsuite xmlns:xsi="http://www.w3.org/2001/XMLSchema-instance" xsi:noNamespaceSchemaLocation="https://maven.apache.org/surefire/maven-surefire-plugin/xsd/surefire-test-report.xsd" name="wethinkcode.stage.StageServiceAPITest" time="0.35" tests="2" errors="2" skipped="0" failures="0">
  <properties>
[...]
</properties>
  <testcase name="setNewStage_validStage" classname="wethinkcode.stage.StageServiceAPITest" time="0.151">
    <error message="unirest.shaded.org.apache.http.conn.HttpHostConnectException: Connect to localhost:7777 [localhost/127.0.0.1, localhost/0:0:0:0:0:0:0:1] failed: Connection refused" type="kong.unirest.UnirestException">kong.unirest.UnirestException: unirest.shaded.org.apache.http.conn.HttpHostConnectException: Connect to localhost:7777 [localhost/127.0.0.1, localhost/0:0:0:0:0:0:0:1] failed: Connection refused
	at wethinkcode.stage.StageServiceAPITest.setNewStage_validStage(StageServiceAPITest.java:42)
Caused by: unirest.shaded.org.apache.http.conn.HttpHostConnectException: Connect to localhost:7777 [localhost/127.0.0.1, localhost/0:0:0:0:0:0:0:1] failed: Connection refused
	at wethinkcode.stage.StageServiceAPITest.setNewStage_validStage(StageServiceAPITest.java:42)
Caused by: java.net.ConnectException: Connection refused
	at wethinkcode.stage.StageServiceAPITest.setNewStage_validStage(StageServiceAPITest.java:42)
</error>
    <system-out><![CDATA[ INFO | Starting Javalin ...
 INFO | 
       __                  ___          ______
      / /___ __   ______ _/ (_)___     / ____/
 __  / / __ `/ | / / __ `/ / / __ \   /___ \
/ /_/ / /_/ /| |/ / /_/ / / / / / /  ____/ /
\____/\__,_/ |___/\__,_/_/_/_/ /_/  /_____/

       https://javalin.io/documentation

 INFO | Your JDK supports Loom. Javalin will prefer Virtual Threads by default. Disable with `ConcurrencyUtil.useLoom = false`.
 INFO | Listening on http://localhost:7001/
 INFO | You are running Javalin 5.0.1 (released October 2, 2022. Your Javalin version is 791 days old. Consider checking for a newer version.).
 INFO | Javalin started in 129ms \o/
]]></system-out>
    <system-err><![CDATA[SLF4J: Class path contains multiple SLF4J bindings.
SLF4J: Found binding in [jar:file:/Users/zanethemba/.m2/repository/org/slf4j/slf4j-log4j12/1.7.30/slf4j-log4j12-1.7.30.jar!/org/slf4j/impl/StaticLoggerBinder.class]
SLF4J: Found binding in [jar:file:/Users/zanethemba/.m2/repository/org/apache/activemq/activemq-all/5.15.8/activemq-all-5.15.8.jar!/org/slf4j/impl/StaticLoggerBinder.class]
SLF4J: See http://www.slf4j.org/codes.html#multiple_bindings for an explanation.
SLF4J: Actual binding is of type [org.slf4j.impl.Log4jLoggerFactory]
]]></system-err>
  </testcase>
  <testcase name="setNewStage_illegalStageValue" classname="wethinkcode.stage.StageServiceAPITest" time="0.002">
    <error message="unirest.shaded.org.apache.http.conn.HttpHostConnectException: Connect to localhost:7777 [localhost/127.0.0.1, localhost/0:0:0:0:0:0:0:1] failed: Connection refused" type="kong.unirest.UnirestException">kong.unirest.UnirestException: unirest.shaded.org.apache.http.conn.HttpHostConnectException: Connect to localhost:7777 [localhost/127.0.0.1, localhost/0:0:0:0:0:0:0:1] failed: Connection refused
	at wethinkcode.stage.StageServiceAPITest.setNewStage_illegalStageValue(StageServiceAPITest.java:55)
Caused by: unirest.shaded.org.apache.http.conn.HttpHostConnectException: Connect to localhost:7777 [localhost/127.0.0.1, localhost/0:0:0:0:0:0:0:1] failed: Connection refused
	at wethinkcode.stage.StageServiceAPITest.setNewStage_illegalStageValue(StageServiceAPITest.java:55)
Caused by: java.net.ConnectException: Connection refused
	at wethinkcode.stage.StageServiceAPITest.setNewStage_illegalStageValue(StageServiceAPITest.java:55)
</error>
  </testcase>
</testsuite>