<?xml version="1.0" encoding="UTF-8"?>
<testsuite xmlns:xsi="http://www.w3.org/2001/XMLSchema-instance" xsi:noNamespaceSchemaLocation="https://maven.apache.org/surefire/maven-surefire-plugin/xsd/surefire-test-report.xsd" name="wethinkcode.stage.StageServiceMQTest" time="0.386" tests="1" errors="0" skipped="0" failures="1">
  <properties>
[...]
</properties>
  <testcase name="sendMqEventWhenStageChanges" classname="wethinkcode.stage.StageServiceMQTest" time="0.375">
    <failure message="expected: &lt;200&gt; but was: &lt;500&gt;" type="org.opentest4j.AssertionFailedError"><![CDATA[org.opentest4j.AssertionFailedError: expected: <200> but was: <500>
	at wethinkcode.stage.StageServiceMQTest.sendMqEventWhenStageChanges(StageServiceMQTest.java:104)
]]></failure>
    <system-out><![CDATA[ INFO | Starting Javalin ...
 INFO | 
       __                  ___          ______
      / /___ __   ______ _/ (_)___     / ____/
 __  / / __ `/ | / / __ `/ / / __ \   /___ \
/ /_/ / /_/ /| |/ / /_/ / / / / / /  ____/ /
\____/\__,_/ |___/\__,_/_/_/_/ /_/  /_____/

       https://javalin.io/documentation

 INFO | Your JDK supports Loom. Javalin will prefer Virtual Threads by default. Disable with `ConcurrencyUtil.useLoom = false`.
 INFO | Listening on http://localhost:7777/
 INFO | You are running Javalin 5.0.1 (released October 2, 2022. Your Javalin version is 791 days old. Consider checking for a newer version.).
 INFO | Javalin started in 2ms \o/
 INFO | Using Persistence Adapter: MemoryPersistenceAdapter
 INFO | JMX consoles can connect to service:jmx:rmi:///jndi/rmi://localhost:1099/jmxrmi
 INFO | Apache ActiveMQ 5.16.3 (localhost, ID:Zanethembas-MacBook-Air.local-51104-1733155452074-0:1) is starting
 INFO | Apache ActiveMQ 5.16.3 (localhost, ID:Zanethembas-MacBook-Air.local-51104-1733155452074-0:1) started
 INFO | For help or more information please see: http://activemq.apache.org
 INFO | Connector vm://localhost started
 WARN | Uncaught exception
com.fasterxml.jackson.databind.exc.MismatchedInputException: Cannot construct instance of `wethinkcode.loadshed.common.transfer.StageDO` (although at least one Creator exists): cannot deserialize from Object value (no delegate- or property-based Creator)
 at [Source: (String)"{"stage":1}"; line: 1, column: 2]
	at com.fasterxml.jackson.databind.exc.MismatchedInputException.from(MismatchedInputException.java:63)
	at com.fasterxml.jackson.databind.DeserializationContext.reportInputMismatch(DeserializationContext.java:1739)
	at com.fasterxml.jackson.databind.DeserializationContext.handleMissingInstantiator(DeserializationContext.java:1364)
	at com.fasterxml.jackson.databind.deser.BeanDeserializerBase.deserializeFromObjectUsingNonDefault(BeanDeserializerBase.java:1424)
	at com.fasterxml.jackson.databind.deser.BeanDeserializer.deserializeFromObject(BeanDeserializer.java:352)
	at com.fasterxml.jackson.databind.deser.BeanDeserializer.deserialize(BeanDeserializer.java:185)
	at com.fasterxml.jackson.databind.deser.DefaultDeserializationContext.readRootValue(DefaultDeserializationContext.java:323)
	at com.fasterxml.jackson.databind.ObjectMapper._readMapAndClose(ObjectMapper.java:4825)
	at com.fasterxml.jackson.databind.ObjectMapper.readValue(ObjectMapper.java:3772)
	at io.javalin.json.JavalinJackson.fromJsonString(JavalinJackson.kt:51)
	at io.javalin.http.Context.bodyAsClass(Context.kt:130)
	at io.javalin.http.Context.bodyAsClass(Context.kt:133)
	at wethinkcode.stage.StageService.setNewStage(StageService.java:95)
	at io.javalin.routing.HandlerEntry.handle(HandlerEntry.kt:19)
	at io.javalin.http.servlet.DefaultTasks.HTTP$lambda-8$lambda-6$lambda-5(DefaultTasks.kt:35)
	at io.javalin.http.servlet.JavalinServlet.handleTask(JavalinServlet.kt:79)
	at io.javalin.http.servlet.JavalinServlet.handleSync(JavalinServlet.kt:46)
	at io.javalin.http.servlet.JavalinServlet.service(JavalinServlet.kt:34)
	at jakarta.servlet.http.HttpServlet.service(HttpServlet.java:587)
	at io.javalin.jetty.JavalinJettyServlet.service(JavalinJettyServlet.kt:58)
	at jakarta.servlet.http.HttpServlet.service(HttpServlet.java:587)
	at org.eclipse.jetty.servlet.ServletHolder.handle(ServletHolder.java:764)
	at org.eclipse.jetty.servlet.ServletHandler.doHandle(ServletHandler.java:529)
	at org.eclipse.jetty.server.handler.ScopedHandler.nextHandle(ScopedHandler.java:221)
	at org.eclipse.jetty.server.session.SessionHandler.doHandle(SessionHandler.java:1571)
	at org.eclipse.jetty.server.handler.ScopedHandler.nextHandle(ScopedHandler.java:221)
	at io.javalin.jetty.JettyServer$start$wsAndHttpHandler$1.doHandle(JettyServer.kt:57)
	at org.eclipse.jetty.server.handler.ScopedHandler.nextScope(ScopedHandler.java:176)
	at org.eclipse.jetty.servlet.ServletHandler.doScope(ServletHandler.java:484)
	at org.eclipse.jetty.server.session.SessionHandler.doScope(SessionHandler.java:1544)
	at org.eclipse.jetty.server.handler.ScopedHandler.nextScope(ScopedHandler.java:174)
	at org.eclipse.jetty.server.handler.ContextHandler.doScope(ContextHandler.java:1302)
	at org.eclipse.jetty.server.handler.ScopedHandler.handle(ScopedHandler.java:129)
	at org.eclipse.jetty.server.handler.StatisticsHandler.handle(StatisticsHandler.java:173)
	at org.eclipse.jetty.server.handler.HandlerWrapper.handle(HandlerWrapper.java:122)
	at org.eclipse.jetty.server.Server.handle(Server.java:563)
	at org.eclipse.jetty.server.HttpChannel.lambda$handle$0(HttpChannel.java:505)
	at org.eclipse.jetty.server.HttpChannel.dispatch(HttpChannel.java:762)
	at org.eclipse.jetty.server.HttpChannel.handle(HttpChannel.java:497)
	at org.eclipse.jetty.server.HttpConnection.onFillable(HttpConnection.java:282)
	at org.eclipse.jetty.io.AbstractConnection$ReadCallback.succeeded(AbstractConnection.java:314)
	at org.eclipse.jetty.io.FillInterest.fillable(FillInterest.java:100)
	at org.eclipse.jetty.io.SelectableChannelEndPoint$1.run(SelectableChannelEndPoint.java:53)
	at java.base/java.util.concurrent.Executors$RunnableAdapter.call(Executors.java:572)
	at java.base/java.util.concurrent.FutureTask.run(FutureTask.java:317)
	at java.base/java.lang.VirtualThread.run(VirtualThread.java:329)
 INFO | Connector vm://localhost stopped
 INFO | Apache ActiveMQ 5.16.3 (localhost, ID:Zanethembas-MacBook-Air.local-51104-1733155452074-0:1) is shutting down
 INFO | Apache ActiveMQ 5.16.3 (localhost, ID:Zanethembas-MacBook-Air.local-51104-1733155452074-0:1) uptime 0.355 seconds
 INFO | Apache ActiveMQ 5.16.3 (localhost, ID:Zanethembas-MacBook-Air.local-51104-1733155452074-0:1) is shutdown
]]></system-out>
  </testcase>
</testsuite>