-------------------------------------------------------------------------------
Test set: wethinkcode.stage.StageServiceMQTest
-------------------------------------------------------------------------------
Tests run: 1, Failures: 1, Errors: 0, Skipped: 0, Time elapsed: 0.386 s <<< FAILURE! - in wethinkcode.stage.StageServiceMQTest
sendMqEventWhenStageChanges  Time elapsed: 0.375 s  <<< FAILURE!
org.opentest4j.AssertionFailedError: expected: <200> but was: <500>
	at wethinkcode.stage.StageServiceMQTest.sendMqEventWhenStageChanges(StageServiceMQTest.java:104)

